c:\users\furkı\desktop\ko-fox 1960 özel source\source\src\scrıptıng\debug\lua.pdb
c:\users\furkı\desktop\ko-fox 1960 özel source\source\src\scrıptıng\debug\lua.ıdb
c:\users\furkı\desktop\ko-fox 1960 özel source\source\src\scrıptıng\debug\lgc.obj
c:\users\furkı\desktop\ko-fox 1960 özel source\source\src\scrıptıng\debug\lınıt.obj
c:\users\furkı\desktop\ko-fox 1960 özel source\source\src\scrıptıng\debug\lıolıb.obj
c:\users\furkı\desktop\ko-fox 1960 özel source\source\src\scrıptıng\debug\llex.obj
c:\users\furkı\desktop\ko-fox 1960 özel source\source\src\scrıptıng\debug\lmathlıb.obj
c:\users\furkı\desktop\ko-fox 1960 özel source\source\src\scrıptıng\debug\lmem.obj
c:\users\furkı\desktop\ko-fox 1960 özel source\source\src\scrıptıng\debug\loadlıb.obj
c:\users\furkı\desktop\ko-fox 1960 özel source\source\src\scrıptıng\debug\lobject.obj
c:\users\furkı\desktop\ko-fox 1960 özel source\source\src\scrıptıng\debug\lopcodes.obj
c:\users\furkı\desktop\ko-fox 1960 özel source\source\src\scrıptıng\debug\loslıb.obj
c:\users\furkı\desktop\ko-fox 1960 özel source\source\src\scrıptıng\debug\lparser.obj
c:\users\furkı\desktop\ko-fox 1960 özel source\source\src\scrıptıng\debug\lstate.obj
c:\users\furkı\desktop\ko-fox 1960 özel source\source\src\scrıptıng\debug\lstrıng.obj
c:\users\furkı\desktop\ko-fox 1960 özel source\source\src\scrıptıng\debug\lstrlıb.obj
c:\users\furkı\desktop\ko-fox 1960 özel source\source\src\scrıptıng\debug\ltable.obj
c:\users\furkı\desktop\ko-fox 1960 özel source\source\src\scrıptıng\debug\ltablıb.obj
c:\users\furkı\desktop\ko-fox 1960 özel source\source\src\scrıptıng\debug\ltm.obj
c:\users\furkı\desktop\ko-fox 1960 özel source\source\src\scrıptıng\debug\lundump.obj
c:\users\furkı\desktop\ko-fox 1960 özel source\source\src\scrıptıng\debug\lvm.obj
c:\users\furkı\desktop\ko-fox 1960 özel source\source\src\scrıptıng\debug\lzıo.obj
c:\users\furkı\desktop\ko-fox 1960 özel source\source\src\scrıptıng\debug\lapı.obj
c:\users\furkı\desktop\ko-fox 1960 özel source\source\src\scrıptıng\debug\lauxlıb.obj
c:\users\furkı\desktop\ko-fox 1960 özel source\source\src\scrıptıng\debug\lbaselıb.obj
c:\users\furkı\desktop\ko-fox 1960 özel source\source\src\scrıptıng\debug\lbıtlıb.obj
c:\users\furkı\desktop\ko-fox 1960 özel source\source\src\scrıptıng\debug\lcode.obj
c:\users\furkı\desktop\ko-fox 1960 özel source\source\src\scrıptıng\debug\lcorolıb.obj
c:\users\furkı\desktop\ko-fox 1960 özel source\source\src\scrıptıng\debug\lctype.obj
c:\users\furkı\desktop\ko-fox 1960 özel source\source\src\scrıptıng\debug\ldblıb.obj
c:\users\furkı\desktop\ko-fox 1960 özel source\source\src\scrıptıng\debug\ldebug.obj
c:\users\furkı\desktop\ko-fox 1960 özel source\source\src\scrıptıng\debug\ldo.obj
c:\users\furkı\desktop\ko-fox 1960 özel source\source\src\scrıptıng\debug\ldump.obj
c:\users\furkı\desktop\ko-fox 1960 özel source\source\src\scrıptıng\debug\lfunc.obj
c:\users\furkı\desktop\ko-fox 1960 özel source\source\bın\debug\lua.lıb
c:\users\furki\desktop\ko pvp furkiak\src\scripting\debug\lapi.obj
c:\users\furki\desktop\ko pvp furkiak\src\scripting\debug\lauxlib.obj
c:\users\furki\desktop\ko pvp furkiak\src\scripting\debug\lbaselib.obj
c:\users\furki\desktop\ko pvp furkiak\src\scripting\debug\lbitlib.obj
c:\users\furki\desktop\ko pvp furkiak\src\scripting\debug\lcode.obj
c:\users\furki\desktop\ko pvp furkiak\src\scripting\debug\lcorolib.obj
c:\users\furki\desktop\ko pvp furkiak\src\scripting\debug\lctype.obj
c:\users\furki\desktop\ko pvp furkiak\src\scripting\debug\ldblib.obj
c:\users\furki\desktop\ko pvp furkiak\src\scripting\debug\ldebug.obj
c:\users\furki\desktop\ko pvp furkiak\src\scripting\debug\ldo.obj
c:\users\furki\desktop\ko pvp furkiak\src\scripting\debug\ldump.obj
c:\users\furki\desktop\ko pvp furkiak\src\scripting\debug\lfunc.obj
c:\users\furki\desktop\ko pvp furkiak\src\scripting\debug\lgc.obj
c:\users\furki\desktop\ko pvp furkiak\src\scripting\debug\linit.obj
c:\users\furki\desktop\ko pvp furkiak\src\scripting\debug\liolib.obj
c:\users\furki\desktop\ko pvp furkiak\src\scripting\debug\llex.obj
c:\users\furki\desktop\ko pvp furkiak\src\scripting\debug\lmathlib.obj
c:\users\furki\desktop\ko pvp furkiak\src\scripting\debug\lmem.obj
c:\users\furki\desktop\ko pvp furkiak\src\scripting\debug\loadlib.obj
c:\users\furki\desktop\ko pvp furkiak\src\scripting\debug\lobject.obj
c:\users\furki\desktop\ko pvp furkiak\src\scripting\debug\lopcodes.obj
c:\users\furki\desktop\ko pvp furkiak\src\scripting\debug\loslib.obj
c:\users\furki\desktop\ko pvp furkiak\src\scripting\debug\lparser.obj
c:\users\furki\desktop\ko pvp furkiak\src\scripting\debug\lstate.obj
c:\users\furki\desktop\ko pvp furkiak\src\scripting\debug\lstring.obj
c:\users\furki\desktop\ko pvp furkiak\src\scripting\debug\lstrlib.obj
c:\users\furki\desktop\ko pvp furkiak\src\scripting\debug\ltable.obj
c:\users\furki\desktop\ko pvp furkiak\src\scripting\debug\ltablib.obj
c:\users\furki\desktop\ko pvp furkiak\src\scripting\debug\ltm.obj
c:\users\furki\desktop\ko pvp furkiak\src\scripting\debug\lundump.obj
c:\users\furki\desktop\ko pvp furkiak\src\scripting\debug\lvm.obj
c:\users\furki\desktop\ko pvp furkiak\src\scripting\debug\lzio.obj
c:\users\furki\desktop\ko pvp furkiak\src\scripting\debug\lua.idb
c:\users\furki\desktop\ko pvp furkiak\src\scripting\debug\lua.pdb
c:\users\furki\desktop\ko pvp furkiak\src\scripting\debug\lua.tlog\cl.command.1.tlog
c:\users\furki\desktop\ko pvp furkiak\src\scripting\debug\lua.tlog\cl.read.1.tlog
c:\users\furki\desktop\ko pvp furkiak\src\scripting\debug\lua.tlog\cl.write.1.tlog
c:\users\furki\desktop\ko pvp furkiak\src\scripting\debug\lua.tlog\lib-link.read.1.tlog
c:\users\furki\desktop\ko pvp furkiak\src\scripting\debug\lua.tlog\lib-link.write.1.tlog
c:\users\furki\desktop\ko pvp furkiak\src\scripting\debug\lua.tlog\lib.command.1.tlog
