c:\users\furkı\desktop\ko-fox 1960 özel source\source\src\shared\debug\shared.pch
c:\users\furkı\desktop\ko-fox 1960 özel source\source\src\shared\debug\shared.pdb
c:\users\furkı\desktop\ko-fox 1960 özel source\source\src\shared\debug\shared.ıdb
c:\users\furkı\desktop\ko-fox 1960 özel source\source\src\shared\debug\stdafx.obj
c:\users\furkı\desktop\ko-fox 1960 özel source\source\src\shared\debug\cırcularbuffer.obj
c:\users\furkı\desktop\ko-fox 1960 özel source\source\src\shared\debug\condıtıon.obj
c:\users\furkı\desktop\ko-fox 1960 özel source\source\src\shared\debug\odbccommand.obj
c:\users\furkı\desktop\ko-fox 1960 özel source\source\src\shared\debug\odbcconnectıon.obj
c:\users\furkı\desktop\ko-fox 1960 özel source\source\src\shared\debug\odbcparameter.obj
c:\users\furkı\desktop\ko-fox 1960 özel source\source\src\shared\debug\odbcrecordset.obj
c:\users\furkı\desktop\ko-fox 1960 özel source\source\src\shared\debug\globals.obj
c:\users\furkı\desktop\ko-fox 1960 özel source\source\src\shared\debug\hardwareınformatıon.obj
c:\users\furkı\desktop\ko-fox 1960 özel source\source\src\shared\debug\jvcryptıon.obj
c:\users\furkı\desktop\ko-fox 1960 özel source\source\src\shared\debug\kosocket.obj
c:\users\furkı\desktop\ko-fox 1960 özel source\source\src\shared\debug\referenceobject.obj
c:\users\furkı\desktop\ko-fox 1960 özel source\source\src\shared\debug\rwlock.obj
c:\users\furkı\desktop\ko-fox 1960 özel source\source\src\shared\debug\sıgnal_handler.obj
c:\users\furkı\desktop\ko-fox 1960 özel source\source\src\shared\debug\socket.obj
c:\users\furkı\desktop\ko-fox 1960 özel source\source\src\shared\debug\socketmgr.obj
c:\users\furkı\desktop\ko-fox 1960 özel source\source\src\shared\debug\socketopswın32.obj
c:\users\furkı\desktop\ko-fox 1960 özel source\source\src\shared\debug\socketwın32.obj
c:\users\furkı\desktop\ko-fox 1960 özel source\source\src\shared\debug\thread.obj
c:\users\furkı\desktop\ko-fox 1960 özel source\source\src\shared\debug\tstrıng.obj
c:\users\furkı\desktop\ko-fox 1960 özel source\source\src\shared\debug\crc32.obj
c:\users\furkı\desktop\ko-fox 1960 özel source\source\src\shared\debug\lzf.obj
c:\users\furkı\desktop\ko-fox 1960 özel source\source\src\shared\debug\debugutıls.obj
c:\users\furkı\desktop\ko-fox 1960 özel source\source\src\shared\debug\ını.obj
c:\users\furkı\desktop\ko-fox 1960 özel source\source\src\shared\debug\smdfıle.obj
c:\users\furkı\desktop\ko-fox 1960 özel source\source\src\shared\debug\tımethread.obj
c:\users\furkı\desktop\ko-fox 1960 özel source\source\bın\debug\shared.lıb
c:\users\furki\desktop\ko pvp furkiak\src\shared\debug\circularbuffer.obj
c:\users\furki\desktop\ko pvp furkiak\src\shared\debug\condition.obj
c:\users\furki\desktop\ko pvp furkiak\src\shared\debug\crc32.obj
c:\users\furki\desktop\ko pvp furkiak\src\shared\debug\debugutils.obj
c:\users\furki\desktop\ko pvp furkiak\src\shared\debug\globals.obj
c:\users\furki\desktop\ko pvp furkiak\src\shared\debug\hardwareınformation.obj
c:\users\furki\desktop\ko pvp furkiak\src\shared\debug\ıni.obj
c:\users\furki\desktop\ko pvp furkiak\src\shared\debug\jvcryption.obj
c:\users\furki\desktop\ko pvp furkiak\src\shared\debug\kosocket.obj
c:\users\furki\desktop\ko pvp furkiak\src\shared\debug\lzf.obj
c:\users\furki\desktop\ko pvp furkiak\src\shared\debug\odbccommand.obj
c:\users\furki\desktop\ko pvp furkiak\src\shared\debug\odbcconnection.obj
c:\users\furki\desktop\ko pvp furkiak\src\shared\debug\odbcparameter.obj
c:\users\furki\desktop\ko pvp furkiak\src\shared\debug\odbcrecordset.obj
c:\users\furki\desktop\ko pvp furkiak\src\shared\debug\referenceobject.obj
c:\users\furki\desktop\ko pvp furkiak\src\shared\debug\rwlock.obj
c:\users\furki\desktop\ko pvp furkiak\src\shared\debug\signal_handler.obj
c:\users\furki\desktop\ko pvp furkiak\src\shared\debug\smdfile.obj
c:\users\furki\desktop\ko pvp furkiak\src\shared\debug\socket.obj
c:\users\furki\desktop\ko pvp furkiak\src\shared\debug\socketmgr.obj
c:\users\furki\desktop\ko pvp furkiak\src\shared\debug\socketopswin32.obj
c:\users\furki\desktop\ko pvp furkiak\src\shared\debug\socketwin32.obj
c:\users\furki\desktop\ko pvp furkiak\src\shared\debug\stdafx.obj
c:\users\furki\desktop\ko pvp furkiak\src\shared\debug\thread.obj
c:\users\furki\desktop\ko pvp furkiak\src\shared\debug\timethread.obj
c:\users\furki\desktop\ko pvp furkiak\src\shared\debug\tstring.obj
c:\users\furki\desktop\ko pvp furkiak\src\shared\debug\shared.pch
c:\users\furki\desktop\ko pvp furkiak\src\shared\debug\shared.idb
c:\users\furki\desktop\ko pvp furkiak\src\shared\debug\shared.pdb
c:\users\furki\desktop\ko pvp furkiak\src\shared\debug\shared.tlog\cl.command.1.tlog
c:\users\furki\desktop\ko pvp furkiak\src\shared\debug\shared.tlog\cl.read.1.tlog
c:\users\furki\desktop\ko pvp furkiak\src\shared\debug\shared.tlog\cl.write.1.tlog
c:\users\furki\desktop\ko pvp furkiak\src\shared\debug\shared.tlog\lib-link.read.1.tlog
c:\users\furki\desktop\ko pvp furkiak\src\shared\debug\shared.tlog\lib-link.write.1.tlog
c:\users\furki\desktop\ko pvp furkiak\src\shared\debug\shared.tlog\lib.command.1.tlog
