c:\users\furkı\desktop\ko-fox 1960 özel source\source\src\gameserver\debug\gameserver.pch
c:\users\furkı\desktop\ko-fox 1960 özel source\source\src\gameserver\debug\vc140.pdb
c:\users\furkı\desktop\ko-fox 1960 özel source\source\src\gameserver\debug\vc140.ıdb
c:\users\furkı\desktop\ko-fox 1960 özel source\source\src\gameserver\debug\stdafx.obj
c:\users\furkı\desktop\ko-fox 1960 özel source\source\src\gameserver\debug\n3shapemgr.obj
c:\users\furkı\desktop\ko-fox 1960 özel source\source\src\gameserver\debug\lua_bındıngs.obj
c:\users\furkı\desktop\ko-fox 1960 özel source\source\src\gameserver\debug\magıcınstance.obj
c:\users\furkı\desktop\ko-fox 1960 özel source\source\src\gameserver\debug\magıcprocess.obj
c:\users\furkı\desktop\ko-fox 1960 özel source\source\src\gameserver\debug\maın.obj
c:\users\furkı\desktop\ko-fox 1960 özel source\source\src\gameserver\debug\map.obj
c:\users\furkı\desktop\ko-fox 1960 özel source\source\src\gameserver\debug\merchanthandler.obj
c:\users\furkı\desktop\ko-fox 1960 özel source\source\src\gameserver\debug\npc.obj
c:\users\furkı\desktop\ko-fox 1960 özel source\source\src\gameserver\debug\npchandler.obj
c:\users\furkı\desktop\ko-fox 1960 özel source\source\src\gameserver\debug\characterhandler.obj
c:\users\furkı\desktop\ko-fox 1960 özel source\source\src\gameserver\debug\partyhandler.obj
c:\users\furkı\desktop\ko-fox 1960 özel source\source\src\gameserver\debug\questhandler.obj
c:\users\furkı\desktop\ko-fox 1960 özel source\source\src\gameserver\debug\regıon.obj
c:\users\furkı\desktop\ko-fox 1960 özel source\source\src\gameserver\debug\rentalhandler.obj
c:\users\furkı\desktop\ko-fox 1960 özel source\source\src\gameserver\debug\loadserverdata.obj
c:\users\furkı\desktop\ko-fox 1960 özel source\source\src\gameserver\debug\sealhandler.obj
c:\users\furkı\desktop\ko-fox 1960 özel source\source\src\gameserver\debug\shoppıngmallhandler.obj
c:\users\furkı\desktop\ko-fox 1960 özel source\source\src\gameserver\debug\tradehandler.obj
c:\users\furkı\desktop\ko-fox 1960 özel source\source\src\gameserver\debug\unıt.obj
c:\users\furkı\desktop\ko-fox 1960 özel source\source\src\gameserver\debug\upgradehandler.obj
c:\users\furkı\desktop\ko-fox 1960 özel source\source\src\gameserver\debug\user.obj
c:\users\furkı\desktop\ko-fox 1960 özel source\source\src\gameserver\debug\aısocket.obj
c:\users\furkı\desktop\ko-fox 1960 özel source\source\src\gameserver\debug\arenahandler.obj
c:\users\furkı\desktop\ko-fox 1960 özel source\source\src\gameserver\debug\attackhandler.obj
c:\users\furkı\desktop\ko-fox 1960 özel source\source\src\gameserver\debug\characterselectıonhandler.obj
c:\users\furkı\desktop\ko-fox 1960 özel source\source\src\gameserver\debug\charactermovementhandler.obj
c:\users\furkı\desktop\ko-fox 1960 özel source\source\src\gameserver\debug\chathandler.obj
c:\users\furkı\desktop\ko-fox 1960 özel source\source\src\gameserver\debug\consoleınputthread.obj
c:\users\furkı\desktop\ko-fox 1960 özel source\source\src\gameserver\debug\databasethread.obj
c:\users\furkı\desktop\ko-fox 1960 özel source\source\src\gameserver\debug\dbagent.obj
c:\users\furkı\desktop\ko-fox 1960 özel source\source\src\gameserver\debug\gameserverdlg.obj
c:\users\furkı\desktop\ko-fox 1960 özel source\source\src\gameserver\debug\eventhandler.obj
c:\users\furkı\desktop\ko-fox 1960 özel source\source\src\gameserver\debug\frıendhandler.obj
c:\users\furkı\desktop\ko-fox 1960 özel source\source\src\gameserver\debug\gameevent.obj
c:\users\furkı\desktop\ko-fox 1960 özel source\source\src\gameserver\debug\ıtemhandler.obj
c:\users\furkı\desktop\ko-fox 1960 özel source\source\src\gameserver\debug\kıngsystem.obj
c:\users\furkı\desktop\ko-fox 1960 özel source\source\src\gameserver\debug\knıghts.obj
c:\users\furkı\desktop\ko-fox 1960 özel source\source\src\gameserver\debug\knıghtsmanager.obj
c:\users\furkı\desktop\ko-fox 1960 özel source\source\src\gameserver\debug\letterhandler.obj
c:\users\furkı\desktop\ko-fox 1960 özel source\source\src\gameserver\debug\logınhandler.obj
c:\users\furkı\desktop\ko-fox 1960 özel source\source\src\gameserver\debug\luaengıne.obj
c:\users\furkı\desktop\ko-fox 1960 özel source\source\bın\debug\gameserver.ılk
c:\users\furkı\desktop\ko-fox 1960 özel source\source\bın\debug\gameserver.exe
c:\users\furkı\desktop\ko-fox 1960 özel source\source\bın\debug\gameserver.pdb
c:\users\furkı\desktop\ko-fox 1960 özel source\source\src\gameserver\debug\gameserver.res
c:\users\furki\desktop\ko pvp furkiak\src\gameserver\debug\aısocket.obj
c:\users\furki\desktop\ko pvp furkiak\src\gameserver\debug\arenahandler.obj
c:\users\furki\desktop\ko pvp furkiak\src\gameserver\debug\attackhandler.obj
c:\users\furki\desktop\ko pvp furkiak\src\gameserver\debug\characterhandler.obj
c:\users\furki\desktop\ko pvp furkiak\src\gameserver\debug\charactermovementhandler.obj
c:\users\furki\desktop\ko pvp furkiak\src\gameserver\debug\characterselectionhandler.obj
c:\users\furki\desktop\ko pvp furkiak\src\gameserver\debug\chathandler.obj
c:\users\furki\desktop\ko pvp furkiak\src\gameserver\debug\consoleınputthread.obj
c:\users\furki\desktop\ko pvp furkiak\src\gameserver\debug\databasethread.obj
c:\users\furki\desktop\ko pvp furkiak\src\gameserver\debug\dbagent.obj
c:\users\furki\desktop\ko pvp furkiak\src\gameserver\debug\eventhandler.obj
c:\users\furki\desktop\ko pvp furkiak\src\gameserver\debug\friendhandler.obj
c:\users\furki\desktop\ko pvp furkiak\src\gameserver\debug\gameevent.obj
c:\users\furki\desktop\ko pvp furkiak\src\gameserver\debug\gameserverdlg.obj
c:\users\furki\desktop\ko pvp furkiak\src\gameserver\debug\ıtemhandler.obj
c:\users\furki\desktop\ko pvp furkiak\src\gameserver\debug\kingsystem.obj
c:\users\furki\desktop\ko pvp furkiak\src\gameserver\debug\knights.obj
c:\users\furki\desktop\ko pvp furkiak\src\gameserver\debug\knightsmanager.obj
c:\users\furki\desktop\ko pvp furkiak\src\gameserver\debug\letterhandler.obj
c:\users\furki\desktop\ko pvp furkiak\src\gameserver\debug\loadserverdata.obj
c:\users\furki\desktop\ko pvp furkiak\src\gameserver\debug\loginhandler.obj
c:\users\furki\desktop\ko pvp furkiak\src\gameserver\debug\luaengine.obj
c:\users\furki\desktop\ko pvp furkiak\src\gameserver\debug\lua_bindings.obj
c:\users\furki\desktop\ko pvp furkiak\src\gameserver\debug\magicınstance.obj
c:\users\furki\desktop\ko pvp furkiak\src\gameserver\debug\magicprocess.obj
c:\users\furki\desktop\ko pvp furkiak\src\gameserver\debug\main.obj
c:\users\furki\desktop\ko pvp furkiak\src\gameserver\debug\map.obj
c:\users\furki\desktop\ko pvp furkiak\src\gameserver\debug\merchanthandler.obj
c:\users\furki\desktop\ko pvp furkiak\src\gameserver\debug\n3shapemgr.obj
c:\users\furki\desktop\ko pvp furkiak\src\gameserver\debug\npc.obj
c:\users\furki\desktop\ko pvp furkiak\src\gameserver\debug\npchandler.obj
c:\users\furki\desktop\ko pvp furkiak\src\gameserver\debug\partyhandler.obj
c:\users\furki\desktop\ko pvp furkiak\src\gameserver\debug\questhandler.obj
c:\users\furki\desktop\ko pvp furkiak\src\gameserver\debug\region.obj
c:\users\furki\desktop\ko pvp furkiak\src\gameserver\debug\rentalhandler.obj
c:\users\furki\desktop\ko pvp furkiak\src\gameserver\debug\sealhandler.obj
c:\users\furki\desktop\ko pvp furkiak\src\gameserver\debug\shoppingmallhandler.obj
c:\users\furki\desktop\ko pvp furkiak\src\gameserver\debug\stdafx.obj
c:\users\furki\desktop\ko pvp furkiak\src\gameserver\debug\tradehandler.obj
c:\users\furki\desktop\ko pvp furkiak\src\gameserver\debug\unit.obj
c:\users\furki\desktop\ko pvp furkiak\src\gameserver\debug\upgradehandler.obj
c:\users\furki\desktop\ko pvp furkiak\src\gameserver\debug\user.obj
c:\users\furki\desktop\ko pvp furkiak\src\gameserver\debug\gameserver.res
c:\users\furki\desktop\ko pvp furkiak\src\gameserver\debug\gameserver.pch
c:\users\furki\desktop\ko pvp furkiak\src\gameserver\debug\vc140.idb
c:\users\furki\desktop\ko pvp furkiak\src\gameserver\debug\vc140.pdb
c:\users\furki\desktop\ko pvp furkiak\src\gameserver\debug\gameserver.tlog\cl.command.1.tlog
c:\users\furki\desktop\ko pvp furkiak\src\gameserver\debug\gameserver.tlog\cl.read.1.tlog
c:\users\furki\desktop\ko pvp furkiak\src\gameserver\debug\gameserver.tlog\cl.write.1.tlog
c:\users\furki\desktop\ko pvp furkiak\src\gameserver\debug\gameserver.tlog\link.command.1.tlog
c:\users\furki\desktop\ko pvp furkiak\src\gameserver\debug\gameserver.tlog\link.read.1.tlog
c:\users\furki\desktop\ko pvp furkiak\src\gameserver\debug\gameserver.tlog\link.write.1.tlog
c:\users\furki\desktop\ko pvp furkiak\src\gameserver\debug\gameserver.tlog\rc.command.1.tlog
c:\users\furki\desktop\ko pvp furkiak\src\gameserver\debug\gameserver.tlog\rc.read.1.tlog
c:\users\furki\desktop\ko pvp furkiak\src\gameserver\debug\gameserver.tlog\rc.write.1.tlog
