c:\users\furkı\desktop\ko-fox 1960 özel source\source\src\logınserver\debug\logınserver.pch
c:\users\furkı\desktop\ko-fox 1960 özel source\source\src\logınserver\debug\vc140.pdb
c:\users\furkı\desktop\ko-fox 1960 özel source\source\src\logınserver\debug\vc140.ıdb
c:\users\furkı\desktop\ko-fox 1960 özel source\source\src\logınserver\debug\stdafx.obj
c:\users\furkı\desktop\ko-fox 1960 özel source\source\src\logınserver\debug\dbprocess.obj
c:\users\furkı\desktop\ko-fox 1960 özel source\source\src\logınserver\debug\logınsessıon.obj
c:\users\furkı\desktop\ko-fox 1960 özel source\source\src\logınserver\debug\maın.obj
c:\users\furkı\desktop\ko-fox 1960 özel source\source\src\logınserver\debug\logınserver.obj
c:\users\furkı\desktop\ko-fox 1960 özel source\source\bın\debug\logınserver.ılk
c:\users\furkı\desktop\ko-fox 1960 özel source\source\bın\debug\logınserver.exe
c:\users\furkı\desktop\ko-fox 1960 özel source\source\bın\debug\logınserver.pdb
c:\users\furkı\desktop\ko-fox 1960 özel source\source\src\logınserver\debug\logınserver.res
c:\users\furki\desktop\ko pvp furkiak\src\logınserver\debug\dbprocess.obj
c:\users\furki\desktop\ko pvp furkiak\src\logınserver\debug\loginserver.obj
c:\users\furki\desktop\ko pvp furkiak\src\logınserver\debug\loginsession.obj
c:\users\furki\desktop\ko pvp furkiak\src\logınserver\debug\main.obj
c:\users\furki\desktop\ko pvp furkiak\src\logınserver\debug\stdafx.obj
c:\users\furki\desktop\ko pvp furkiak\src\logınserver\debug\logınserver.res
c:\users\furki\desktop\ko pvp furkiak\src\logınserver\debug\logınserver.pch
c:\users\furki\desktop\ko pvp furkiak\src\logınserver\debug\vc140.idb
c:\users\furki\desktop\ko pvp furkiak\src\logınserver\debug\vc140.pdb
c:\users\furki\desktop\ko pvp furkiak\src\logınserver\debug\logınserver.tlog\cl.command.1.tlog
c:\users\furki\desktop\ko pvp furkiak\src\logınserver\debug\logınserver.tlog\cl.read.1.tlog
c:\users\furki\desktop\ko pvp furkiak\src\logınserver\debug\logınserver.tlog\cl.write.1.tlog
c:\users\furki\desktop\ko pvp furkiak\src\logınserver\debug\logınserver.tlog\link.command.1.tlog
c:\users\furki\desktop\ko pvp furkiak\src\logınserver\debug\logınserver.tlog\link.read.1.tlog
c:\users\furki\desktop\ko pvp furkiak\src\logınserver\debug\logınserver.tlog\link.write.1.tlog
c:\users\furki\desktop\ko pvp furkiak\src\logınserver\debug\logınserver.tlog\rc.command.1.tlog
c:\users\furki\desktop\ko pvp furkiak\src\logınserver\debug\logınserver.tlog\rc.read.1.tlog
c:\users\furki\desktop\ko pvp furkiak\src\logınserver\debug\logınserver.tlog\rc.write.1.tlog
