c:\users\furkı\desktop\ko-fox 1960 özel source\source\src\aıserver\debug\server.pch
c:\users\furkı\desktop\ko-fox 1960 özel source\source\src\aıserver\debug\vc140.pdb
c:\users\furkı\desktop\ko-fox 1960 özel source\source\src\aıserver\debug\vc140.ıdb
c:\users\furkı\desktop\ko-fox 1960 özel source\source\src\aıserver\debug\stdafx.obj
c:\users\furkı\desktop\ko-fox 1960 özel source\source\src\aıserver\debug\magıcprocess.obj
c:\users\furkı\desktop\ko-fox 1960 özel source\source\src\aıserver\debug\unıt.obj
c:\users\furkı\desktop\ko-fox 1960 özel source\source\src\aıserver\debug\gamesocket.obj
c:\users\furkı\desktop\ko-fox 1960 özel source\source\src\aıserver\debug\maın.obj
c:\users\furkı\desktop\ko-fox 1960 özel source\source\src\aıserver\debug\map.obj
c:\users\furkı\desktop\ko-fox 1960 özel source\source\src\aıserver\debug\npc.obj
c:\users\furkı\desktop\ko-fox 1960 özel source\source\src\aıserver\debug\npcmagıcprocess.obj
c:\users\furkı\desktop\ko-fox 1960 özel source\source\src\aıserver\debug\npcthread.obj
c:\users\furkı\desktop\ko-fox 1960 özel source\source\src\aıserver\debug\party.obj
c:\users\furkı\desktop\ko-fox 1960 özel source\source\src\aıserver\debug\pathfınd.obj
c:\users\furkı\desktop\ko-fox 1960 özel source\source\src\aıserver\debug\roomevent.obj
c:\users\furkı\desktop\ko-fox 1960 özel source\source\src\aıserver\debug\serverdlg.obj
c:\users\furkı\desktop\ko-fox 1960 özel source\source\src\aıserver\debug\aıuser.obj
c:\users\furkı\desktop\ko-fox 1960 özel source\source\src\aıserver\debug\n3shapemgr.obj
c:\users\furkı\desktop\ko-fox 1960 özel source\source\bın\debug\aıserver.ılk
c:\users\furkı\desktop\ko-fox 1960 özel source\source\bın\debug\aıserver.exe
c:\users\furkı\desktop\ko-fox 1960 özel source\source\src\aıserver\debug\server.map
c:\users\furkı\desktop\ko-fox 1960 özel source\source\bın\debug\aıserver.pdb
c:\users\furkı\desktop\ko-fox 1960 özel source\source\src\aıserver\debug\aıserver.res
c:\users\furki\desktop\ko pvp furkiak\src\aıserver\debug\aıuser.obj
c:\users\furki\desktop\ko pvp furkiak\src\aıserver\debug\gamesocket.obj
c:\users\furki\desktop\ko pvp furkiak\src\aıserver\debug\magicprocess.obj
c:\users\furki\desktop\ko pvp furkiak\src\aıserver\debug\main.obj
c:\users\furki\desktop\ko pvp furkiak\src\aıserver\debug\map.obj
c:\users\furki\desktop\ko pvp furkiak\src\aıserver\debug\n3shapemgr.obj
c:\users\furki\desktop\ko pvp furkiak\src\aıserver\debug\npc.obj
c:\users\furki\desktop\ko pvp furkiak\src\aıserver\debug\npcmagicprocess.obj
c:\users\furki\desktop\ko pvp furkiak\src\aıserver\debug\npcthread.obj
c:\users\furki\desktop\ko pvp furkiak\src\aıserver\debug\party.obj
c:\users\furki\desktop\ko pvp furkiak\src\aıserver\debug\pathfind.obj
c:\users\furki\desktop\ko pvp furkiak\src\aıserver\debug\roomevent.obj
c:\users\furki\desktop\ko pvp furkiak\src\aıserver\debug\serverdlg.obj
c:\users\furki\desktop\ko pvp furkiak\src\aıserver\debug\stdafx.obj
c:\users\furki\desktop\ko pvp furkiak\src\aıserver\debug\unit.obj
c:\users\furki\desktop\ko pvp furkiak\src\aıserver\debug\aıserver.res
c:\users\furki\desktop\ko pvp furkiak\src\aıserver\debug\server.pch
c:\users\furki\desktop\ko pvp furkiak\src\aıserver\debug\vc140.idb
c:\users\furki\desktop\ko pvp furkiak\src\aıserver\debug\vc140.pdb
c:\users\furki\desktop\ko pvp furkiak\src\aıserver\debug\aıserver.tlog\cl.command.1.tlog
c:\users\furki\desktop\ko pvp furkiak\src\aıserver\debug\aıserver.tlog\cl.read.1.tlog
c:\users\furki\desktop\ko pvp furkiak\src\aıserver\debug\aıserver.tlog\cl.write.1.tlog
c:\users\furki\desktop\ko pvp furkiak\src\aıserver\debug\aıserver.tlog\link.command.1.tlog
c:\users\furki\desktop\ko pvp furkiak\src\aıserver\debug\aıserver.tlog\link.read.1.tlog
c:\users\furki\desktop\ko pvp furkiak\src\aıserver\debug\aıserver.tlog\link.write.1.tlog
c:\users\furki\desktop\ko pvp furkiak\src\aıserver\debug\aıserver.tlog\rc.command.1.tlog
c:\users\furki\desktop\ko pvp furkiak\src\aıserver\debug\aıserver.tlog\rc.read.1.tlog
c:\users\furki\desktop\ko pvp furkiak\src\aıserver\debug\aıserver.tlog\rc.write.1.tlog
